<?xml version="1.0" encoding="UTF-8" ?>
<testsuite tests="5" failures="0" name="br.com.correntista.dao.UsuarioDaoImplTest" time="1.703" errors="0" skipped="0">
  <properties>
[...]
</properties>
  <testcase classname="br.com.correntista.dao.UsuarioDaoImplTest" name="testExcluir" time="1.468"/>
  <testcase classname="br.com.correntista.dao.UsuarioDaoImplTest" name="testPesquisarPorNome" time="0.019"/>
  <testcase classname="br.com.correntista.dao.UsuarioDaoImplTest" name="testAlterar" time="0.216"/>
  <testcase classname="br.com.correntista.dao.UsuarioDaoImplTest" name="testPesquisarPorID" time="0"/>
  <testcase classname="br.com.correntista.dao.UsuarioDaoImplTest" name="testSalvar" time="0"/>
</testsuite>